TN:
SF:src\asyncTest.js
FN:1,fetchData
FN:2,(anonymous_1)
FN:3,(anonymous_2)
FN:8,fetchDataWithError
FN:9,(anonymous_4)
FN:10,(anonymous_5)
FNF:6
FNH:6
FNDA:2,fetchData
FNDA:2,(anonymous_1)
FNDA:1,(anonymous_2)
FNDA:1,fetchDataWithError
FNDA:1,(anonymous_4)
FNDA:1,(anonymous_5)
DA:2,2
DA:3,2
DA:4,1
DA:9,1
DA:10,1
DA:11,1
DA:17,1
LF:7
LH:7
BRF:0
BRH:0
end_of_record
TN:
SF:src\index.js
FN:1,(anonymous_0)
FN:5,(anonymous_1)
FNF:2
FNH:2
FNDA:1,(anonymous_0)
FNDA:1,(anonymous_1)
DA:1,2
DA:2,1
DA:5,2
DA:6,1
DA:7,1
DA:8,1
DA:11,2
LF:7
LH:7
BRF:0
BRH:0
end_of_record
